<?xml version="1.0" encoding="UTF-8"?>
<!-- Generated by org.testng.reporters.JUnitXMLReporter -->
<testsuite ignored="0" hostname="DESKTOP-R0P7LMN" failures="1" tests="1" name="Test" time="0.093" errors="0" timestamp="2022-10-28T18:04:24 IST">
  <testcase classname="Seq_Hyd_Maven.Seq_Hyd_Maven_Proj.Master" name="MainScript" time="0.0">
    <failure type="org.testng.TestNGException" message="
Method public void Seq_Hyd_Maven.Seq_Hyd_Maven_Proj.Master.MainScript(java.lang.String) throws java.lang.Exception requires a @DataProvider named : DriveTest">
      <![CDATA[org.testng.TestNGException: 
Method public void Seq_Hyd_Maven.Seq_Hyd_Maven_Proj.Master.MainScript(java.lang.String) throws java.lang.Exception requires a @DataProvider named : DriveTest
at java.base/java.util.ArrayList.forEach(ArrayList.java:1511)
... Removed 24 stack frames]]>
    </failure>
  </testcase> <!-- MainScript -->
</testsuite> <!-- Test -->
